
> backend@1.0.0 start
> node server.js

[dotenv@17.2.2] injecting env (12) from .env -- tip: ⚙️  override existing env vars with { override: true }
(node:18237) [MONGOOSE] Warning: Duplicate schema index on {"transactionId":1} found. This is often due to declaring an index using both "index: true" and "schema.index()". Please remove the duplicate index definition.
(Use `node --trace-warnings ...` to show where the warning was created)
🚀 Server running on http://0.0.0.0:8000
📱 Android app can connect to: http://YOUR_IP:8000/api/
🔗 Health check: http://0.0.0.0:8000/health
✅ MongoDB Connected: localhost
📊 Database: banking_app
🔐 LOGIN OTP for admin@bank.com: 902487
🔐 LOGIN OTP for admin@bank.com: 815516
🔐 LOGIN OTP for user2@example.com: 692360
Get transaction history error: TypeError: Cannot read properties of undefined (reading 'toLocaleString')
    at model.<anonymous> (/Users/tsangcuteso1/Documents/GitHub/CKSOA/My project/Final_Mobile/backend/src/models/Account.js:54:26)
    at VirtualType.applyGetters (/Users/tsangcuteso1/Documents/GitHub/CKSOA/My project/Final_Mobile/backend/node_modules/mongoose/lib/virtualType.js:152:16)
    at applyVirtuals (/Users/tsangcuteso1/Documents/GitHub/CKSOA/My project/Final_Mobile/backend/node_modules/mongoose/lib/document.js:4198:26)
    at Document.$toObject (/Users/tsangcuteso1/Documents/GitHub/CKSOA/My project/Final_Mobile/backend/node_modules/mongoose/lib/document.js:3926:5)
    at Document.toObject (/Users/tsangcuteso1/Documents/GitHub/CKSOA/My project/Final_Mobile/backend/node_modules/mongoose/lib/document.js:4137:15)
    at clone (/Users/tsangcuteso1/Documents/GitHub/CKSOA/My project/Final_Mobile/backend/node_modules/mongoose/lib/helpers/clone.js:69:17)
    at cloneObject (/Users/tsangcuteso1/Documents/GitHub/CKSOA/My project/Final_Mobile/backend/node_modules/mongoose/lib/helpers/clone.js:159:17)
    at clone (/Users/tsangcuteso1/Documents/GitHub/CKSOA/My project/Final_Mobile/backend/node_modules/mongoose/lib/helpers/clone.js:80:16)
    at Document.$toObject (/Users/tsangcuteso1/Documents/GitHub/CKSOA/My project/Final_Mobile/backend/node_modules/mongoose/lib/document.js:3904:11)
    at Document.toObject (/Users/tsangcuteso1/Documents/GitHub/CKSOA/My project/Final_Mobile/backend/node_modules/mongoose/lib/document.js:4137:15)
Get transaction history error: TypeError: Cannot read properties of undefined (reading 'toLocaleString')
    at model.<anonymous> (/Users/tsangcuteso1/Documents/GitHub/CKSOA/My project/Final_Mobile/backend/src/models/Account.js:54:26)
    at VirtualType.applyGetters (/Users/tsangcuteso1/Documents/GitHub/CKSOA/My project/Final_Mobile/backend/node_modules/mongoose/lib/virtualType.js:152:16)
    at applyVirtuals (/Users/tsangcuteso1/Documents/GitHub/CKSOA/My project/Final_Mobile/backend/node_modules/mongoose/lib/document.js:4198:26)
    at Document.$toObject (/Users/tsangcuteso1/Documents/GitHub/CKSOA/My project/Final_Mobile/backend/node_modules/mongoose/lib/document.js:3926:5)
    at Document.toObject (/Users/tsangcuteso1/Documents/GitHub/CKSOA/My project/Final_Mobile/backend/node_modules/mongoose/lib/document.js:4137:15)
    at clone (/Users/tsangcuteso1/Documents/GitHub/CKSOA/My project/Final_Mobile/backend/node_modules/mongoose/lib/helpers/clone.js:69:17)
    at cloneObject (/Users/tsangcuteso1/Documents/GitHub/CKSOA/My project/Final_Mobile/backend/node_modules/mongoose/lib/helpers/clone.js:159:17)
    at clone (/Users/tsangcuteso1/Documents/GitHub/CKSOA/My project/Final_Mobile/backend/node_modules/mongoose/lib/helpers/clone.js:80:16)
    at Document.$toObject (/Users/tsangcuteso1/Documents/GitHub/CKSOA/My project/Final_Mobile/backend/node_modules/mongoose/lib/document.js:3904:11)
    at Document.toObject (/Users/tsangcuteso1/Documents/GitHub/CKSOA/My project/Final_Mobile/backend/node_modules/mongoose/lib/document.js:4137:15)
🔐 LOGIN OTP for user2@example.com: 890260
Get transaction history error: TypeError: Cannot read properties of undefined (reading 'toLocaleString')
    at model.<anonymous> (/Users/tsangcuteso1/Documents/GitHub/CKSOA/My project/Final_Mobile/backend/src/models/Account.js:54:26)
    at VirtualType.applyGetters (/Users/tsangcuteso1/Documents/GitHub/CKSOA/My project/Final_Mobile/backend/node_modules/mongoose/lib/virtualType.js:152:16)
    at applyVirtuals (/Users/tsangcuteso1/Documents/GitHub/CKSOA/My project/Final_Mobile/backend/node_modules/mongoose/lib/document.js:4198:26)
    at Document.$toObject (/Users/tsangcuteso1/Documents/GitHub/CKSOA/My project/Final_Mobile/backend/node_modules/mongoose/lib/document.js:3926:5)
    at Document.toObject (/Users/tsangcuteso1/Documents/GitHub/CKSOA/My project/Final_Mobile/backend/node_modules/mongoose/lib/document.js:4137:15)
    at clone (/Users/tsangcuteso1/Documents/GitHub/CKSOA/My project/Final_Mobile/backend/node_modules/mongoose/lib/helpers/clone.js:69:17)
    at cloneObject (/Users/tsangcuteso1/Documents/GitHub/CKSOA/My project/Final_Mobile/backend/node_modules/mongoose/lib/helpers/clone.js:159:17)
    at clone (/Users/tsangcuteso1/Documents/GitHub/CKSOA/My project/Final_Mobile/backend/node_modules/mongoose/lib/helpers/clone.js:80:16)
    at Document.$toObject (/Users/tsangcuteso1/Documents/GitHub/CKSOA/My project/Final_Mobile/backend/node_modules/mongoose/lib/document.js:3904:11)
    at Document.toObject (/Users/tsangcuteso1/Documents/GitHub/CKSOA/My project/Final_Mobile/backend/node_modules/mongoose/lib/document.js:4137:15)
Get transaction history error: TypeError: Cannot read properties of undefined (reading 'toLocaleString')
    at model.<anonymous> (/Users/tsangcuteso1/Documents/GitHub/CKSOA/My project/Final_Mobile/backend/src/models/Account.js:54:26)
    at VirtualType.applyGetters (/Users/tsangcuteso1/Documents/GitHub/CKSOA/My project/Final_Mobile/backend/node_modules/mongoose/lib/virtualType.js:152:16)
    at applyVirtuals (/Users/tsangcuteso1/Documents/GitHub/CKSOA/My project/Final_Mobile/backend/node_modules/mongoose/lib/document.js:4198:26)
    at Document.$toObject (/Users/tsangcuteso1/Documents/GitHub/CKSOA/My project/Final_Mobile/backend/node_modules/mongoose/lib/document.js:3926:5)
    at Document.toObject (/Users/tsangcuteso1/Documents/GitHub/CKSOA/My project/Final_Mobile/backend/node_modules/mongoose/lib/document.js:4137:15)
    at clone (/Users/tsangcuteso1/Documents/GitHub/CKSOA/My project/Final_Mobile/backend/node_modules/mongoose/lib/helpers/clone.js:69:17)
    at cloneObject (/Users/tsangcuteso1/Documents/GitHub/CKSOA/My project/Final_Mobile/backend/node_modules/mongoose/lib/helpers/clone.js:159:17)
    at clone (/Users/tsangcuteso1/Documents/GitHub/CKSOA/My project/Final_Mobile/backend/node_modules/mongoose/lib/helpers/clone.js:80:16)
    at Document.$toObject (/Users/tsangcuteso1/Documents/GitHub/CKSOA/My project/Final_Mobile/backend/node_modules/mongoose/lib/document.js:3904:11)
    at Document.toObject (/Users/tsangcuteso1/Documents/GitHub/CKSOA/My project/Final_Mobile/backend/node_modules/mongoose/lib/document.js:4137:15)
🔐 TRANSACTION OTP for user2@example.com: 992183
🔐 TRANSACTION OTP for user2@example.com: 435531
🔐 LOGIN OTP for user2@example.com: 250619
Get transaction history error: TypeError: Cannot read properties of undefined (reading 'toLocaleString')
    at model.<anonymous> (/Users/tsangcuteso1/Documents/GitHub/CKSOA/My project/Final_Mobile/backend/src/models/Account.js:54:26)
    at VirtualType.applyGetters (/Users/tsangcuteso1/Documents/GitHub/CKSOA/My project/Final_Mobile/backend/node_modules/mongoose/lib/virtualType.js:152:16)
    at applyVirtuals (/Users/tsangcuteso1/Documents/GitHub/CKSOA/My project/Final_Mobile/backend/node_modules/mongoose/lib/document.js:4198:26)
    at Document.$toObject (/Users/tsangcuteso1/Documents/GitHub/CKSOA/My project/Final_Mobile/backend/node_modules/mongoose/lib/document.js:3926:5)
    at Document.toObject (/Users/tsangcuteso1/Documents/GitHub/CKSOA/My project/Final_Mobile/backend/node_modules/mongoose/lib/document.js:4137:15)
    at clone (/Users/tsangcuteso1/Documents/GitHub/CKSOA/My project/Final_Mobile/backend/node_modules/mongoose/lib/helpers/clone.js:69:17)
    at cloneObject (/Users/tsangcuteso1/Documents/GitHub/CKSOA/My project/Final_Mobile/backend/node_modules/mongoose/lib/helpers/clone.js:159:17)
    at clone (/Users/tsangcuteso1/Documents/GitHub/CKSOA/My project/Final_Mobile/backend/node_modules/mongoose/lib/helpers/clone.js:80:16)
    at Document.$toObject (/Users/tsangcuteso1/Documents/GitHub/CKSOA/My project/Final_Mobile/backend/node_modules/mongoose/lib/document.js:3904:11)
    at Document.toObject (/Users/tsangcuteso1/Documents/GitHub/CKSOA/My project/Final_Mobile/backend/node_modules/mongoose/lib/document.js:4137:15)
Get transaction history error: TypeError: Cannot read properties of undefined (reading 'toLocaleString')
    at model.<anonymous> (/Users/tsangcuteso1/Documents/GitHub/CKSOA/My project/Final_Mobile/backend/src/models/Account.js:54:26)
    at VirtualType.applyGetters (/Users/tsangcuteso1/Documents/GitHub/CKSOA/My project/Final_Mobile/backend/node_modules/mongoose/lib/virtualType.js:152:16)
    at applyVirtuals (/Users/tsangcuteso1/Documents/GitHub/CKSOA/My project/Final_Mobile/backend/node_modules/mongoose/lib/document.js:4198:26)
    at Document.$toObject (/Users/tsangcuteso1/Documents/GitHub/CKSOA/My project/Final_Mobile/backend/node_modules/mongoose/lib/document.js:3926:5)
    at Document.toObject (/Users/tsangcuteso1/Documents/GitHub/CKSOA/My project/Final_Mobile/backend/node_modules/mongoose/lib/document.js:4137:15)
    at clone (/Users/tsangcuteso1/Documents/GitHub/CKSOA/My project/Final_Mobile/backend/node_modules/mongoose/lib/helpers/clone.js:69:17)
    at cloneObject (/Users/tsangcuteso1/Documents/GitHub/CKSOA/My project/Final_Mobile/backend/node_modules/mongoose/lib/helpers/clone.js:159:17)
    at clone (/Users/tsangcuteso1/Documents/GitHub/CKSOA/My project/Final_Mobile/backend/node_modules/mongoose/lib/helpers/clone.js:80:16)
    at Document.$toObject (/Users/tsangcuteso1/Documents/GitHub/CKSOA/My project/Final_Mobile/backend/node_modules/mongoose/lib/document.js:3904:11)
    at Document.toObject (/Users/tsangcuteso1/Documents/GitHub/CKSOA/My project/Final_Mobile/backend/node_modules/mongoose/lib/document.js:4137:15)
🔐 TRANSACTION OTP for user2@example.com: 083328
Get transaction history error: TypeError: Cannot read properties of undefined (reading 'toLocaleString')
    at model.<anonymous> (/Users/tsangcuteso1/Documents/GitHub/CKSOA/My project/Final_Mobile/backend/src/models/Account.js:54:26)
    at VirtualType.applyGetters (/Users/tsangcuteso1/Documents/GitHub/CKSOA/My project/Final_Mobile/backend/node_modules/mongoose/lib/virtualType.js:152:16)
    at applyVirtuals (/Users/tsangcuteso1/Documents/GitHub/CKSOA/My project/Final_Mobile/backend/node_modules/mongoose/lib/document.js:4198:26)
    at Document.$toObject (/Users/tsangcuteso1/Documents/GitHub/CKSOA/My project/Final_Mobile/backend/node_modules/mongoose/lib/document.js:3926:5)
    at Document.toObject (/Users/tsangcuteso1/Documents/GitHub/CKSOA/My project/Final_Mobile/backend/node_modules/mongoose/lib/document.js:4137:15)
    at clone (/Users/tsangcuteso1/Documents/GitHub/CKSOA/My project/Final_Mobile/backend/node_modules/mongoose/lib/helpers/clone.js:69:17)
    at cloneObject (/Users/tsangcuteso1/Documents/GitHub/CKSOA/My project/Final_Mobile/backend/node_modules/mongoose/lib/helpers/clone.js:159:17)
    at clone (/Users/tsangcuteso1/Documents/GitHub/CKSOA/My project/Final_Mobile/backend/node_modules/mongoose/lib/helpers/clone.js:80:16)
    at Document.$toObject (/Users/tsangcuteso1/Documents/GitHub/CKSOA/My project/Final_Mobile/backend/node_modules/mongoose/lib/document.js:3904:11)
    at Document.toObject (/Users/tsangcuteso1/Documents/GitHub/CKSOA/My project/Final_Mobile/backend/node_modules/mongoose/lib/document.js:4137:15)
Get transaction history error: TypeError: Cannot read properties of undefined (reading 'toLocaleString')
    at model.<anonymous> (/Users/tsangcuteso1/Documents/GitHub/CKSOA/My project/Final_Mobile/backend/src/models/Account.js:54:26)
    at VirtualType.applyGetters (/Users/tsangcuteso1/Documents/GitHub/CKSOA/My project/Final_Mobile/backend/node_modules/mongoose/lib/virtualType.js:152:16)
    at applyVirtuals (/Users/tsangcuteso1/Documents/GitHub/CKSOA/My project/Final_Mobile/backend/node_modules/mongoose/lib/document.js:4198:26)
    at Document.$toObject (/Users/tsangcuteso1/Documents/GitHub/CKSOA/My project/Final_Mobile/backend/node_modules/mongoose/lib/document.js:3926:5)
    at Document.toObject (/Users/tsangcuteso1/Documents/GitHub/CKSOA/My project/Final_Mobile/backend/node_modules/mongoose/lib/document.js:4137:15)
    at clone (/Users/tsangcuteso1/Documents/GitHub/CKSOA/My project/Final_Mobile/backend/node_modules/mongoose/lib/helpers/clone.js:69:17)
    at cloneObject (/Users/tsangcuteso1/Documents/GitHub/CKSOA/My project/Final_Mobile/backend/node_modules/mongoose/lib/helpers/clone.js:159:17)
    at clone (/Users/tsangcuteso1/Documents/GitHub/CKSOA/My project/Final_Mobile/backend/node_modules/mongoose/lib/helpers/clone.js:80:16)
    at Document.$toObject (/Users/tsangcuteso1/Documents/GitHub/CKSOA/My project/Final_Mobile/backend/node_modules/mongoose/lib/document.js:3904:11)
    at Document.toObject (/Users/tsangcuteso1/Documents/GitHub/CKSOA/My project/Final_Mobile/backend/node_modules/mongoose/lib/document.js:4137:15)
Get transaction history error: TypeError: Cannot read properties of undefined (reading 'toLocaleString')
    at model.<anonymous> (/Users/tsangcuteso1/Documents/GitHub/CKSOA/My project/Final_Mobile/backend/src/models/Account.js:54:26)
    at VirtualType.applyGetters (/Users/tsangcuteso1/Documents/GitHub/CKSOA/My project/Final_Mobile/backend/node_modules/mongoose/lib/virtualType.js:152:16)
    at applyVirtuals (/Users/tsangcuteso1/Documents/GitHub/CKSOA/My project/Final_Mobile/backend/node_modules/mongoose/lib/document.js:4198:26)
    at Document.$toObject (/Users/tsangcuteso1/Documents/GitHub/CKSOA/My project/Final_Mobile/backend/node_modules/mongoose/lib/document.js:3926:5)
    at Document.toObject (/Users/tsangcuteso1/Documents/GitHub/CKSOA/My project/Final_Mobile/backend/node_modules/mongoose/lib/document.js:4137:15)
    at clone (/Users/tsangcuteso1/Documents/GitHub/CKSOA/My project/Final_Mobile/backend/node_modules/mongoose/lib/helpers/clone.js:69:17)
    at cloneObject (/Users/tsangcuteso1/Documents/GitHub/CKSOA/My project/Final_Mobile/backend/node_modules/mongoose/lib/helpers/clone.js:159:17)
    at clone (/Users/tsangcuteso1/Documents/GitHub/CKSOA/My project/Final_Mobile/backend/node_modules/mongoose/lib/helpers/clone.js:80:16)
    at Document.$toObject (/Users/tsangcuteso1/Documents/GitHub/CKSOA/My project/Final_Mobile/backend/node_modules/mongoose/lib/document.js:3904:11)
    at Document.toObject (/Users/tsangcuteso1/Documents/GitHub/CKSOA/My project/Final_Mobile/backend/node_modules/mongoose/lib/document.js:4137:15)
Get transaction history error: TypeError: Cannot read properties of undefined (reading 'toLocaleString')
    at model.<anonymous> (/Users/tsangcuteso1/Documents/GitHub/CKSOA/My project/Final_Mobile/backend/src/models/Account.js:54:26)
    at VirtualType.applyGetters (/Users/tsangcuteso1/Documents/GitHub/CKSOA/My project/Final_Mobile/backend/node_modules/mongoose/lib/virtualType.js:152:16)
    at applyVirtuals (/Users/tsangcuteso1/Documents/GitHub/CKSOA/My project/Final_Mobile/backend/node_modules/mongoose/lib/document.js:4198:26)
    at Document.$toObject (/Users/tsangcuteso1/Documents/GitHub/CKSOA/My project/Final_Mobile/backend/node_modules/mongoose/lib/document.js:3926:5)
    at Document.toObject (/Users/tsangcuteso1/Documents/GitHub/CKSOA/My project/Final_Mobile/backend/node_modules/mongoose/lib/document.js:4137:15)
    at clone (/Users/tsangcuteso1/Documents/GitHub/CKSOA/My project/Final_Mobile/backend/node_modules/mongoose/lib/helpers/clone.js:69:17)
    at cloneObject (/Users/tsangcuteso1/Documents/GitHub/CKSOA/My project/Final_Mobile/backend/node_modules/mongoose/lib/helpers/clone.js:159:17)
    at clone (/Users/tsangcuteso1/Documents/GitHub/CKSOA/My project/Final_Mobile/backend/node_modules/mongoose/lib/helpers/clone.js:80:16)
    at Document.$toObject (/Users/tsangcuteso1/Documents/GitHub/CKSOA/My project/Final_Mobile/backend/node_modules/mongoose/lib/document.js:3904:11)
    at Document.toObject (/Users/tsangcuteso1/Documents/GitHub/CKSOA/My project/Final_Mobile/backend/node_modules/mongoose/lib/document.js:4137:15)
Get transaction history error: TypeError: Cannot read properties of undefined (reading 'toLocaleString')
    at model.<anonymous> (/Users/tsangcuteso1/Documents/GitHub/CKSOA/My project/Final_Mobile/backend/src/models/Account.js:54:26)
    at VirtualType.applyGetters (/Users/tsangcuteso1/Documents/GitHub/CKSOA/My project/Final_Mobile/backend/node_modules/mongoose/lib/virtualType.js:152:16)
    at applyVirtuals (/Users/tsangcuteso1/Documents/GitHub/CKSOA/My project/Final_Mobile/backend/node_modules/mongoose/lib/document.js:4198:26)
    at Document.$toObject (/Users/tsangcuteso1/Documents/GitHub/CKSOA/My project/Final_Mobile/backend/node_modules/mongoose/lib/document.js:3926:5)
    at Document.toObject (/Users/tsangcuteso1/Documents/GitHub/CKSOA/My project/Final_Mobile/backend/node_modules/mongoose/lib/document.js:4137:15)
    at clone (/Users/tsangcuteso1/Documents/GitHub/CKSOA/My project/Final_Mobile/backend/node_modules/mongoose/lib/helpers/clone.js:69:17)
    at cloneObject (/Users/tsangcuteso1/Documents/GitHub/CKSOA/My project/Final_Mobile/backend/node_modules/mongoose/lib/helpers/clone.js:159:17)
    at clone (/Users/tsangcuteso1/Documents/GitHub/CKSOA/My project/Final_Mobile/backend/node_modules/mongoose/lib/helpers/clone.js:80:16)
    at Document.$toObject (/Users/tsangcuteso1/Documents/GitHub/CKSOA/My project/Final_Mobile/backend/node_modules/mongoose/lib/document.js:3904:11)
    at Document.toObject (/Users/tsangcuteso1/Documents/GitHub/CKSOA/My project/Final_Mobile/backend/node_modules/mongoose/lib/document.js:4137:15)
🔐 LOGIN OTP for user2@example.com: 188990
⚠️  MongoDB disconnected
🔄 MongoDB reconnected
🔐 LOGIN OTP for user2@example.com: 103450
Get transaction history error: TypeError: Cannot read properties of undefined (reading 'toLocaleString')
    at model.<anonymous> (/Users/tsangcuteso1/Documents/GitHub/CKSOA/My project/Final_Mobile/backend/src/models/Account.js:54:26)
    at VirtualType.applyGetters (/Users/tsangcuteso1/Documents/GitHub/CKSOA/My project/Final_Mobile/backend/node_modules/mongoose/lib/virtualType.js:152:16)
    at applyVirtuals (/Users/tsangcuteso1/Documents/GitHub/CKSOA/My project/Final_Mobile/backend/node_modules/mongoose/lib/document.js:4198:26)
    at Document.$toObject (/Users/tsangcuteso1/Documents/GitHub/CKSOA/My project/Final_Mobile/backend/node_modules/mongoose/lib/document.js:3926:5)
    at Document.toObject (/Users/tsangcuteso1/Documents/GitHub/CKSOA/My project/Final_Mobile/backend/node_modules/mongoose/lib/document.js:4137:15)
    at clone (/Users/tsangcuteso1/Documents/GitHub/CKSOA/My project/Final_Mobile/backend/node_modules/mongoose/lib/helpers/clone.js:69:17)
    at cloneObject (/Users/tsangcuteso1/Documents/GitHub/CKSOA/My project/Final_Mobile/backend/node_modules/mongoose/lib/helpers/clone.js:159:17)
    at clone (/Users/tsangcuteso1/Documents/GitHub/CKSOA/My project/Final_Mobile/backend/node_modules/mongoose/lib/helpers/clone.js:80:16)
    at Document.$toObject (/Users/tsangcuteso1/Documents/GitHub/CKSOA/My project/Final_Mobile/backend/node_modules/mongoose/lib/document.js:3904:11)
    at Document.toObject (/Users/tsangcuteso1/Documents/GitHub/CKSOA/My project/Final_Mobile/backend/node_modules/mongoose/lib/document.js:4137:15)
Get transaction history error: TypeError: Cannot read properties of undefined (reading 'toLocaleString')
    at model.<anonymous> (/Users/tsangcuteso1/Documents/GitHub/CKSOA/My project/Final_Mobile/backend/src/models/Account.js:54:26)
    at VirtualType.applyGetters (/Users/tsangcuteso1/Documents/GitHub/CKSOA/My project/Final_Mobile/backend/node_modules/mongoose/lib/virtualType.js:152:16)
    at applyVirtuals (/Users/tsangcuteso1/Documents/GitHub/CKSOA/My project/Final_Mobile/backend/node_modules/mongoose/lib/document.js:4198:26)
    at Document.$toObject (/Users/tsangcuteso1/Documents/GitHub/CKSOA/My project/Final_Mobile/backend/node_modules/mongoose/lib/document.js:3926:5)
    at Document.toObject (/Users/tsangcuteso1/Documents/GitHub/CKSOA/My project/Final_Mobile/backend/node_modules/mongoose/lib/document.js:4137:15)
    at clone (/Users/tsangcuteso1/Documents/GitHub/CKSOA/My project/Final_Mobile/backend/node_modules/mongoose/lib/helpers/clone.js:69:17)
    at cloneObject (/Users/tsangcuteso1/Documents/GitHub/CKSOA/My project/Final_Mobile/backend/node_modules/mongoose/lib/helpers/clone.js:159:17)
    at clone (/Users/tsangcuteso1/Documents/GitHub/CKSOA/My project/Final_Mobile/backend/node_modules/mongoose/lib/helpers/clone.js:80:16)
    at Document.$toObject (/Users/tsangcuteso1/Documents/GitHub/CKSOA/My project/Final_Mobile/backend/node_modules/mongoose/lib/document.js:3904:11)
    at Document.toObject (/Users/tsangcuteso1/Documents/GitHub/CKSOA/My project/Final_Mobile/backend/node_modules/mongoose/lib/document.js:4137:15)
Get transaction history error: TypeError: Cannot read properties of undefined (reading 'toLocaleString')
    at model.<anonymous> (/Users/tsangcuteso1/Documents/GitHub/CKSOA/My project/Final_Mobile/backend/src/models/Account.js:54:26)
    at VirtualType.applyGetters (/Users/tsangcuteso1/Documents/GitHub/CKSOA/My project/Final_Mobile/backend/node_modules/mongoose/lib/virtualType.js:152:16)
    at applyVirtuals (/Users/tsangcuteso1/Documents/GitHub/CKSOA/My project/Final_Mobile/backend/node_modules/mongoose/lib/document.js:4198:26)
    at Document.$toObject (/Users/tsangcuteso1/Documents/GitHub/CKSOA/My project/Final_Mobile/backend/node_modules/mongoose/lib/document.js:3926:5)
    at Document.toObject (/Users/tsangcuteso1/Documents/GitHub/CKSOA/My project/Final_Mobile/backend/node_modules/mongoose/lib/document.js:4137:15)
    at clone (/Users/tsangcuteso1/Documents/GitHub/CKSOA/My project/Final_Mobile/backend/node_modules/mongoose/lib/helpers/clone.js:69:17)
    at cloneObject (/Users/tsangcuteso1/Documents/GitHub/CKSOA/My project/Final_Mobile/backend/node_modules/mongoose/lib/helpers/clone.js:159:17)
    at clone (/Users/tsangcuteso1/Documents/GitHub/CKSOA/My project/Final_Mobile/backend/node_modules/mongoose/lib/helpers/clone.js:80:16)
    at Document.$toObject (/Users/tsangcuteso1/Documents/GitHub/CKSOA/My project/Final_Mobile/backend/node_modules/mongoose/lib/document.js:3904:11)
    at Document.toObject (/Users/tsangcuteso1/Documents/GitHub/CKSOA/My project/Final_Mobile/backend/node_modules/mongoose/lib/document.js:4137:15)
Get transaction history error: TypeError: Cannot read properties of undefined (reading 'toLocaleString')
    at model.<anonymous> (/Users/tsangcuteso1/Documents/GitHub/CKSOA/My project/Final_Mobile/backend/src/models/Account.js:54:26)
    at VirtualType.applyGetters (/Users/tsangcuteso1/Documents/GitHub/CKSOA/My project/Final_Mobile/backend/node_modules/mongoose/lib/virtualType.js:152:16)
    at applyVirtuals (/Users/tsangcuteso1/Documents/GitHub/CKSOA/My project/Final_Mobile/backend/node_modules/mongoose/lib/document.js:4198:26)
    at Document.$toObject (/Users/tsangcuteso1/Documents/GitHub/CKSOA/My project/Final_Mobile/backend/node_modules/mongoose/lib/document.js:3926:5)
    at Document.toObject (/Users/tsangcuteso1/Documents/GitHub/CKSOA/My project/Final_Mobile/backend/node_modules/mongoose/lib/document.js:4137:15)
    at clone (/Users/tsangcuteso1/Documents/GitHub/CKSOA/My project/Final_Mobile/backend/node_modules/mongoose/lib/helpers/clone.js:69:17)
    at cloneObject (/Users/tsangcuteso1/Documents/GitHub/CKSOA/My project/Final_Mobile/backend/node_modules/mongoose/lib/helpers/clone.js:159:17)
    at clone (/Users/tsangcuteso1/Documents/GitHub/CKSOA/My project/Final_Mobile/backend/node_modules/mongoose/lib/helpers/clone.js:80:16)
    at Document.$toObject (/Users/tsangcuteso1/Documents/GitHub/CKSOA/My project/Final_Mobile/backend/node_modules/mongoose/lib/document.js:3904:11)
    at Document.toObject (/Users/tsangcuteso1/Documents/GitHub/CKSOA/My project/Final_Mobile/backend/node_modules/mongoose/lib/document.js:4137:15)
Get transaction history error: TypeError: Cannot read properties of undefined (reading 'toLocaleString')
    at model.<anonymous> (/Users/tsangcuteso1/Documents/GitHub/CKSOA/My project/Final_Mobile/backend/src/models/Account.js:54:26)
    at VirtualType.applyGetters (/Users/tsangcuteso1/Documents/GitHub/CKSOA/My project/Final_Mobile/backend/node_modules/mongoose/lib/virtualType.js:152:16)
    at applyVirtuals (/Users/tsangcuteso1/Documents/GitHub/CKSOA/My project/Final_Mobile/backend/node_modules/mongoose/lib/document.js:4198:26)
    at Document.$toObject (/Users/tsangcuteso1/Documents/GitHub/CKSOA/My project/Final_Mobile/backend/node_modules/mongoose/lib/document.js:3926:5)
    at Document.toObject (/Users/tsangcuteso1/Documents/GitHub/CKSOA/My project/Final_Mobile/backend/node_modules/mongoose/lib/document.js:4137:15)
    at clone (/Users/tsangcuteso1/Documents/GitHub/CKSOA/My project/Final_Mobile/backend/node_modules/mongoose/lib/helpers/clone.js:69:17)
    at cloneObject (/Users/tsangcuteso1/Documents/GitHub/CKSOA/My project/Final_Mobile/backend/node_modules/mongoose/lib/helpers/clone.js:159:17)
    at clone (/Users/tsangcuteso1/Documents/GitHub/CKSOA/My project/Final_Mobile/backend/node_modules/mongoose/lib/helpers/clone.js:80:16)
    at Document.$toObject (/Users/tsangcuteso1/Documents/GitHub/CKSOA/My project/Final_Mobile/backend/node_modules/mongoose/lib/document.js:3904:11)
    at Document.toObject (/Users/tsangcuteso1/Documents/GitHub/CKSOA/My project/Final_Mobile/backend/node_modules/mongoose/lib/document.js:4137:15)
Get transaction history error: TypeError: Cannot read properties of undefined (reading 'toLocaleString')
    at model.<anonymous> (/Users/tsangcuteso1/Documents/GitHub/CKSOA/My project/Final_Mobile/backend/src/models/Account.js:54:26)
    at VirtualType.applyGetters (/Users/tsangcuteso1/Documents/GitHub/CKSOA/My project/Final_Mobile/backend/node_modules/mongoose/lib/virtualType.js:152:16)
    at applyVirtuals (/Users/tsangcuteso1/Documents/GitHub/CKSOA/My project/Final_Mobile/backend/node_modules/mongoose/lib/document.js:4198:26)
    at Document.$toObject (/Users/tsangcuteso1/Documents/GitHub/CKSOA/My project/Final_Mobile/backend/node_modules/mongoose/lib/document.js:3926:5)
    at Document.toObject (/Users/tsangcuteso1/Documents/GitHub/CKSOA/My project/Final_Mobile/backend/node_modules/mongoose/lib/document.js:4137:15)
    at clone (/Users/tsangcuteso1/Documents/GitHub/CKSOA/My project/Final_Mobile/backend/node_modules/mongoose/lib/helpers/clone.js:69:17)
    at cloneObject (/Users/tsangcuteso1/Documents/GitHub/CKSOA/My project/Final_Mobile/backend/node_modules/mongoose/lib/helpers/clone.js:159:17)
    at clone (/Users/tsangcuteso1/Documents/GitHub/CKSOA/My project/Final_Mobile/backend/node_modules/mongoose/lib/helpers/clone.js:80:16)
    at Document.$toObject (/Users/tsangcuteso1/Documents/GitHub/CKSOA/My project/Final_Mobile/backend/node_modules/mongoose/lib/document.js:3904:11)
    at Document.toObject (/Users/tsangcuteso1/Documents/GitHub/CKSOA/My project/Final_Mobile/backend/node_modules/mongoose/lib/document.js:4137:15)
Get transaction history error: TypeError: Cannot read properties of undefined (reading 'toLocaleString')
    at model.<anonymous> (/Users/tsangcuteso1/Documents/GitHub/CKSOA/My project/Final_Mobile/backend/src/models/Account.js:54:26)
    at VirtualType.applyGetters (/Users/tsangcuteso1/Documents/GitHub/CKSOA/My project/Final_Mobile/backend/node_modules/mongoose/lib/virtualType.js:152:16)
    at applyVirtuals (/Users/tsangcuteso1/Documents/GitHub/CKSOA/My project/Final_Mobile/backend/node_modules/mongoose/lib/document.js:4198:26)
    at Document.$toObject (/Users/tsangcuteso1/Documents/GitHub/CKSOA/My project/Final_Mobile/backend/node_modules/mongoose/lib/document.js:3926:5)
    at Document.toObject (/Users/tsangcuteso1/Documents/GitHub/CKSOA/My project/Final_Mobile/backend/node_modules/mongoose/lib/document.js:4137:15)
    at clone (/Users/tsangcuteso1/Documents/GitHub/CKSOA/My project/Final_Mobile/backend/node_modules/mongoose/lib/helpers/clone.js:69:17)
    at cloneObject (/Users/tsangcuteso1/Documents/GitHub/CKSOA/My project/Final_Mobile/backend/node_modules/mongoose/lib/helpers/clone.js:159:17)
    at clone (/Users/tsangcuteso1/Documents/GitHub/CKSOA/My project/Final_Mobile/backend/node_modules/mongoose/lib/helpers/clone.js:80:16)
    at Document.$toObject (/Users/tsangcuteso1/Documents/GitHub/CKSOA/My project/Final_Mobile/backend/node_modules/mongoose/lib/document.js:3904:11)
    at Document.toObject (/Users/tsangcuteso1/Documents/GitHub/CKSOA/My project/Final_Mobile/backend/node_modules/mongoose/lib/document.js:4137:15)
Get transaction history error: TypeError: Cannot read properties of undefined (reading 'toLocaleString')
    at model.<anonymous> (/Users/tsangcuteso1/Documents/GitHub/CKSOA/My project/Final_Mobile/backend/src/models/Account.js:54:26)
    at VirtualType.applyGetters (/Users/tsangcuteso1/Documents/GitHub/CKSOA/My project/Final_Mobile/backend/node_modules/mongoose/lib/virtualType.js:152:16)
    at applyVirtuals (/Users/tsangcuteso1/Documents/GitHub/CKSOA/My project/Final_Mobile/backend/node_modules/mongoose/lib/document.js:4198:26)
    at Document.$toObject (/Users/tsangcuteso1/Documents/GitHub/CKSOA/My project/Final_Mobile/backend/node_modules/mongoose/lib/document.js:3926:5)
    at Document.toObject (/Users/tsangcuteso1/Documents/GitHub/CKSOA/My project/Final_Mobile/backend/node_modules/mongoose/lib/document.js:4137:15)
    at clone (/Users/tsangcuteso1/Documents/GitHub/CKSOA/My project/Final_Mobile/backend/node_modules/mongoose/lib/helpers/clone.js:69:17)
    at cloneObject (/Users/tsangcuteso1/Documents/GitHub/CKSOA/My project/Final_Mobile/backend/node_modules/mongoose/lib/helpers/clone.js:159:17)
    at clone (/Users/tsangcuteso1/Documents/GitHub/CKSOA/My project/Final_Mobile/backend/node_modules/mongoose/lib/helpers/clone.js:80:16)
    at Document.$toObject (/Users/tsangcuteso1/Documents/GitHub/CKSOA/My project/Final_Mobile/backend/node_modules/mongoose/lib/document.js:3904:11)
    at Document.toObject (/Users/tsangcuteso1/Documents/GitHub/CKSOA/My project/Final_Mobile/backend/node_modules/mongoose/lib/document.js:4137:15)
Get transaction history error: TypeError: Cannot read properties of undefined (reading 'toLocaleString')
    at model.<anonymous> (/Users/tsangcuteso1/Documents/GitHub/CKSOA/My project/Final_Mobile/backend/src/models/Account.js:54:26)
    at VirtualType.applyGetters (/Users/tsangcuteso1/Documents/GitHub/CKSOA/My project/Final_Mobile/backend/node_modules/mongoose/lib/virtualType.js:152:16)
    at applyVirtuals (/Users/tsangcuteso1/Documents/GitHub/CKSOA/My project/Final_Mobile/backend/node_modules/mongoose/lib/document.js:4198:26)
    at Document.$toObject (/Users/tsangcuteso1/Documents/GitHub/CKSOA/My project/Final_Mobile/backend/node_modules/mongoose/lib/document.js:3926:5)
    at Document.toObject (/Users/tsangcuteso1/Documents/GitHub/CKSOA/My project/Final_Mobile/backend/node_modules/mongoose/lib/document.js:4137:15)
    at clone (/Users/tsangcuteso1/Documents/GitHub/CKSOA/My project/Final_Mobile/backend/node_modules/mongoose/lib/helpers/clone.js:69:17)
    at cloneObject (/Users/tsangcuteso1/Documents/GitHub/CKSOA/My project/Final_Mobile/backend/node_modules/mongoose/lib/helpers/clone.js:159:17)
    at clone (/Users/tsangcuteso1/Documents/GitHub/CKSOA/My project/Final_Mobile/backend/node_modules/mongoose/lib/helpers/clone.js:80:16)
    at Document.$toObject (/Users/tsangcuteso1/Documents/GitHub/CKSOA/My project/Final_Mobile/backend/node_modules/mongoose/lib/document.js:3904:11)
    at Document.toObject (/Users/tsangcuteso1/Documents/GitHub/CKSOA/My project/Final_Mobile/backend/node_modules/mongoose/lib/document.js:4137:15)
Get transaction history error: TypeError: Cannot read properties of undefined (reading 'toLocaleString')
    at model.<anonymous> (/Users/tsangcuteso1/Documents/GitHub/CKSOA/My project/Final_Mobile/backend/src/models/Account.js:54:26)
    at VirtualType.applyGetters (/Users/tsangcuteso1/Documents/GitHub/CKSOA/My project/Final_Mobile/backend/node_modules/mongoose/lib/virtualType.js:152:16)
    at applyVirtuals (/Users/tsangcuteso1/Documents/GitHub/CKSOA/My project/Final_Mobile/backend/node_modules/mongoose/lib/document.js:4198:26)
    at Document.$toObject (/Users/tsangcuteso1/Documents/GitHub/CKSOA/My project/Final_Mobile/backend/node_modules/mongoose/lib/document.js:3926:5)
    at Document.toObject (/Users/tsangcuteso1/Documents/GitHub/CKSOA/My project/Final_Mobile/backend/node_modules/mongoose/lib/document.js:4137:15)
    at clone (/Users/tsangcuteso1/Documents/GitHub/CKSOA/My project/Final_Mobile/backend/node_modules/mongoose/lib/helpers/clone.js:69:17)
    at cloneObject (/Users/tsangcuteso1/Documents/GitHub/CKSOA/My project/Final_Mobile/backend/node_modules/mongoose/lib/helpers/clone.js:159:17)
    at clone (/Users/tsangcuteso1/Documents/GitHub/CKSOA/My project/Final_Mobile/backend/node_modules/mongoose/lib/helpers/clone.js:80:16)
    at Document.$toObject (/Users/tsangcuteso1/Documents/GitHub/CKSOA/My project/Final_Mobile/backend/node_modules/mongoose/lib/document.js:3904:11)
    at Document.toObject (/Users/tsangcuteso1/Documents/GitHub/CKSOA/My project/Final_Mobile/backend/node_modules/mongoose/lib/document.js:4137:15)
🔐 LOGIN OTP for user2@example.com: 500459
Get transaction history error: TypeError: Cannot read properties of undefined (reading 'toLocaleString')
    at model.<anonymous> (/Users/tsangcuteso1/Documents/GitHub/CKSOA/My project/Final_Mobile/backend/src/models/Account.js:54:26)
    at VirtualType.applyGetters (/Users/tsangcuteso1/Documents/GitHub/CKSOA/My project/Final_Mobile/backend/node_modules/mongoose/lib/virtualType.js:152:16)
    at applyVirtuals (/Users/tsangcuteso1/Documents/GitHub/CKSOA/My project/Final_Mobile/backend/node_modules/mongoose/lib/document.js:4198:26)
    at Document.$toObject (/Users/tsangcuteso1/Documents/GitHub/CKSOA/My project/Final_Mobile/backend/node_modules/mongoose/lib/document.js:3926:5)
    at Document.toObject (/Users/tsangcuteso1/Documents/GitHub/CKSOA/My project/Final_Mobile/backend/node_modules/mongoose/lib/document.js:4137:15)
    at clone (/Users/tsangcuteso1/Documents/GitHub/CKSOA/My project/Final_Mobile/backend/node_modules/mongoose/lib/helpers/clone.js:69:17)
    at cloneObject (/Users/tsangcuteso1/Documents/GitHub/CKSOA/My project/Final_Mobile/backend/node_modules/mongoose/lib/helpers/clone.js:159:17)
    at clone (/Users/tsangcuteso1/Documents/GitHub/CKSOA/My project/Final_Mobile/backend/node_modules/mongoose/lib/helpers/clone.js:80:16)
    at Document.$toObject (/Users/tsangcuteso1/Documents/GitHub/CKSOA/My project/Final_Mobile/backend/node_modules/mongoose/lib/document.js:3904:11)
    at Document.toObject (/Users/tsangcuteso1/Documents/GitHub/CKSOA/My project/Final_Mobile/backend/node_modules/mongoose/lib/document.js:4137:15)
Get transaction history error: TypeError: Cannot read properties of undefined (reading 'toLocaleString')
    at model.<anonymous> (/Users/tsangcuteso1/Documents/GitHub/CKSOA/My project/Final_Mobile/backend/src/models/Account.js:54:26)
    at VirtualType.applyGetters (/Users/tsangcuteso1/Documents/GitHub/CKSOA/My project/Final_Mobile/backend/node_modules/mongoose/lib/virtualType.js:152:16)
    at applyVirtuals (/Users/tsangcuteso1/Documents/GitHub/CKSOA/My project/Final_Mobile/backend/node_modules/mongoose/lib/document.js:4198:26)
    at Document.$toObject (/Users/tsangcuteso1/Documents/GitHub/CKSOA/My project/Final_Mobile/backend/node_modules/mongoose/lib/document.js:3926:5)
    at Document.toObject (/Users/tsangcuteso1/Documents/GitHub/CKSOA/My project/Final_Mobile/backend/node_modules/mongoose/lib/document.js:4137:15)
    at clone (/Users/tsangcuteso1/Documents/GitHub/CKSOA/My project/Final_Mobile/backend/node_modules/mongoose/lib/helpers/clone.js:69:17)
    at cloneObject (/Users/tsangcuteso1/Documents/GitHub/CKSOA/My project/Final_Mobile/backend/node_modules/mongoose/lib/helpers/clone.js:159:17)
    at clone (/Users/tsangcuteso1/Documents/GitHub/CKSOA/My project/Final_Mobile/backend/node_modules/mongoose/lib/helpers/clone.js:80:16)
    at Document.$toObject (/Users/tsangcuteso1/Documents/GitHub/CKSOA/My project/Final_Mobile/backend/node_modules/mongoose/lib/document.js:3904:11)
    at Document.toObject (/Users/tsangcuteso1/Documents/GitHub/CKSOA/My project/Final_Mobile/backend/node_modules/mongoose/lib/document.js:4137:15)
Get transaction history error: TypeError: Cannot read properties of undefined (reading 'toLocaleString')
    at model.<anonymous> (/Users/tsangcuteso1/Documents/GitHub/CKSOA/My project/Final_Mobile/backend/src/models/Account.js:54:26)
    at VirtualType.applyGetters (/Users/tsangcuteso1/Documents/GitHub/CKSOA/My project/Final_Mobile/backend/node_modules/mongoose/lib/virtualType.js:152:16)
    at applyVirtuals (/Users/tsangcuteso1/Documents/GitHub/CKSOA/My project/Final_Mobile/backend/node_modules/mongoose/lib/document.js:4198:26)
    at Document.$toObject (/Users/tsangcuteso1/Documents/GitHub/CKSOA/My project/Final_Mobile/backend/node_modules/mongoose/lib/document.js:3926:5)
    at Document.toObject (/Users/tsangcuteso1/Documents/GitHub/CKSOA/My project/Final_Mobile/backend/node_modules/mongoose/lib/document.js:4137:15)
    at clone (/Users/tsangcuteso1/Documents/GitHub/CKSOA/My project/Final_Mobile/backend/node_modules/mongoose/lib/helpers/clone.js:69:17)
    at cloneObject (/Users/tsangcuteso1/Documents/GitHub/CKSOA/My project/Final_Mobile/backend/node_modules/mongoose/lib/helpers/clone.js:159:17)
    at clone (/Users/tsangcuteso1/Documents/GitHub/CKSOA/My project/Final_Mobile/backend/node_modules/mongoose/lib/helpers/clone.js:80:16)
    at Document.$toObject (/Users/tsangcuteso1/Documents/GitHub/CKSOA/My project/Final_Mobile/backend/node_modules/mongoose/lib/document.js:3904:11)
    at Document.toObject (/Users/tsangcuteso1/Documents/GitHub/CKSOA/My project/Final_Mobile/backend/node_modules/mongoose/lib/document.js:4137:15)
Get transaction history error: TypeError: Cannot read properties of undefined (reading 'toLocaleString')
    at model.<anonymous> (/Users/tsangcuteso1/Documents/GitHub/CKSOA/My project/Final_Mobile/backend/src/models/Account.js:54:26)
    at VirtualType.applyGetters (/Users/tsangcuteso1/Documents/GitHub/CKSOA/My project/Final_Mobile/backend/node_modules/mongoose/lib/virtualType.js:152:16)
    at applyVirtuals (/Users/tsangcuteso1/Documents/GitHub/CKSOA/My project/Final_Mobile/backend/node_modules/mongoose/lib/document.js:4198:26)
    at Document.$toObject (/Users/tsangcuteso1/Documents/GitHub/CKSOA/My project/Final_Mobile/backend/node_modules/mongoose/lib/document.js:3926:5)
    at Document.toObject (/Users/tsangcuteso1/Documents/GitHub/CKSOA/My project/Final_Mobile/backend/node_modules/mongoose/lib/document.js:4137:15)
    at clone (/Users/tsangcuteso1/Documents/GitHub/CKSOA/My project/Final_Mobile/backend/node_modules/mongoose/lib/helpers/clone.js:69:17)
    at cloneObject (/Users/tsangcuteso1/Documents/GitHub/CKSOA/My project/Final_Mobile/backend/node_modules/mongoose/lib/helpers/clone.js:159:17)
    at clone (/Users/tsangcuteso1/Documents/GitHub/CKSOA/My project/Final_Mobile/backend/node_modules/mongoose/lib/helpers/clone.js:80:16)
    at Document.$toObject (/Users/tsangcuteso1/Documents/GitHub/CKSOA/My project/Final_Mobile/backend/node_modules/mongoose/lib/document.js:3904:11)
    at Document.toObject (/Users/tsangcuteso1/Documents/GitHub/CKSOA/My project/Final_Mobile/backend/node_modules/mongoose/lib/document.js:4137:15)
🔐 LOGIN OTP for user2@example.com: 356536
Get transaction history error: TypeError: Cannot read properties of undefined (reading 'toLocaleString')
    at model.<anonymous> (/Users/tsangcuteso1/Documents/GitHub/CKSOA/My project/Final_Mobile/backend/src/models/Account.js:54:26)
    at VirtualType.applyGetters (/Users/tsangcuteso1/Documents/GitHub/CKSOA/My project/Final_Mobile/backend/node_modules/mongoose/lib/virtualType.js:152:16)
    at applyVirtuals (/Users/tsangcuteso1/Documents/GitHub/CKSOA/My project/Final_Mobile/backend/node_modules/mongoose/lib/document.js:4198:26)
    at Document.$toObject (/Users/tsangcuteso1/Documents/GitHub/CKSOA/My project/Final_Mobile/backend/node_modules/mongoose/lib/document.js:3926:5)
    at Document.toObject (/Users/tsangcuteso1/Documents/GitHub/CKSOA/My project/Final_Mobile/backend/node_modules/mongoose/lib/document.js:4137:15)
    at clone (/Users/tsangcuteso1/Documents/GitHub/CKSOA/My project/Final_Mobile/backend/node_modules/mongoose/lib/helpers/clone.js:69:17)
    at cloneObject (/Users/tsangcuteso1/Documents/GitHub/CKSOA/My project/Final_Mobile/backend/node_modules/mongoose/lib/helpers/clone.js:159:17)
    at clone (/Users/tsangcuteso1/Documents/GitHub/CKSOA/My project/Final_Mobile/backend/node_modules/mongoose/lib/helpers/clone.js:80:16)
    at Document.$toObject (/Users/tsangcuteso1/Documents/GitHub/CKSOA/My project/Final_Mobile/backend/node_modules/mongoose/lib/document.js:3904:11)
    at Document.toObject (/Users/tsangcuteso1/Documents/GitHub/CKSOA/My project/Final_Mobile/backend/node_modules/mongoose/lib/document.js:4137:15)
Get transaction history error: TypeError: Cannot read properties of undefined (reading 'toLocaleString')
    at model.<anonymous> (/Users/tsangcuteso1/Documents/GitHub/CKSOA/My project/Final_Mobile/backend/src/models/Account.js:54:26)
    at VirtualType.applyGetters (/Users/tsangcuteso1/Documents/GitHub/CKSOA/My project/Final_Mobile/backend/node_modules/mongoose/lib/virtualType.js:152:16)
    at applyVirtuals (/Users/tsangcuteso1/Documents/GitHub/CKSOA/My project/Final_Mobile/backend/node_modules/mongoose/lib/document.js:4198:26)
    at Document.$toObject (/Users/tsangcuteso1/Documents/GitHub/CKSOA/My project/Final_Mobile/backend/node_modules/mongoose/lib/document.js:3926:5)
    at Document.toObject (/Users/tsangcuteso1/Documents/GitHub/CKSOA/My project/Final_Mobile/backend/node_modules/mongoose/lib/document.js:4137:15)
    at clone (/Users/tsangcuteso1/Documents/GitHub/CKSOA/My project/Final_Mobile/backend/node_modules/mongoose/lib/helpers/clone.js:69:17)
    at cloneObject (/Users/tsangcuteso1/Documents/GitHub/CKSOA/My project/Final_Mobile/backend/node_modules/mongoose/lib/helpers/clone.js:159:17)
    at clone (/Users/tsangcuteso1/Documents/GitHub/CKSOA/My project/Final_Mobile/backend/node_modules/mongoose/lib/helpers/clone.js:80:16)
    at Document.$toObject (/Users/tsangcuteso1/Documents/GitHub/CKSOA/My project/Final_Mobile/backend/node_modules/mongoose/lib/document.js:3904:11)
    at Document.toObject (/Users/tsangcuteso1/Documents/GitHub/CKSOA/My project/Final_Mobile/backend/node_modules/mongoose/lib/document.js:4137:15)
🔐 TRANSACTION OTP for user2@example.com: 390110
Get transaction history error: TypeError: Cannot read properties of undefined (reading 'toLocaleString')
    at model.<anonymous> (/Users/tsangcuteso1/Documents/GitHub/CKSOA/My project/Final_Mobile/backend/src/models/Account.js:54:26)
    at VirtualType.applyGetters (/Users/tsangcuteso1/Documents/GitHub/CKSOA/My project/Final_Mobile/backend/node_modules/mongoose/lib/virtualType.js:152:16)
    at applyVirtuals (/Users/tsangcuteso1/Documents/GitHub/CKSOA/My project/Final_Mobile/backend/node_modules/mongoose/lib/document.js:4198:26)
    at Document.$toObject (/Users/tsangcuteso1/Documents/GitHub/CKSOA/My project/Final_Mobile/backend/node_modules/mongoose/lib/document.js:3926:5)
    at Document.toObject (/Users/tsangcuteso1/Documents/GitHub/CKSOA/My project/Final_Mobile/backend/node_modules/mongoose/lib/document.js:4137:15)
    at clone (/Users/tsangcuteso1/Documents/GitHub/CKSOA/My project/Final_Mobile/backend/node_modules/mongoose/lib/helpers/clone.js:69:17)
    at cloneObject (/Users/tsangcuteso1/Documents/GitHub/CKSOA/My project/Final_Mobile/backend/node_modules/mongoose/lib/helpers/clone.js:159:17)
    at clone (/Users/tsangcuteso1/Documents/GitHub/CKSOA/My project/Final_Mobile/backend/node_modules/mongoose/lib/helpers/clone.js:80:16)
    at Document.$toObject (/Users/tsangcuteso1/Documents/GitHub/CKSOA/My project/Final_Mobile/backend/node_modules/mongoose/lib/document.js:3904:11)
    at Document.toObject (/Users/tsangcuteso1/Documents/GitHub/CKSOA/My project/Final_Mobile/backend/node_modules/mongoose/lib/document.js:4137:15)
🔐 LOGIN OTP for user2@example.com: 894236
Get transaction history error: TypeError: Cannot read properties of undefined (reading 'toLocaleString')
    at model.<anonymous> (/Users/tsangcuteso1/Documents/GitHub/CKSOA/My project/Final_Mobile/backend/src/models/Account.js:54:26)
    at VirtualType.applyGetters (/Users/tsangcuteso1/Documents/GitHub/CKSOA/My project/Final_Mobile/backend/node_modules/mongoose/lib/virtualType.js:152:16)
    at applyVirtuals (/Users/tsangcuteso1/Documents/GitHub/CKSOA/My project/Final_Mobile/backend/node_modules/mongoose/lib/document.js:4198:26)
    at Document.$toObject (/Users/tsangcuteso1/Documents/GitHub/CKSOA/My project/Final_Mobile/backend/node_modules/mongoose/lib/document.js:3926:5)
    at Document.toObject (/Users/tsangcuteso1/Documents/GitHub/CKSOA/My project/Final_Mobile/backend/node_modules/mongoose/lib/document.js:4137:15)
    at clone (/Users/tsangcuteso1/Documents/GitHub/CKSOA/My project/Final_Mobile/backend/node_modules/mongoose/lib/helpers/clone.js:69:17)
    at cloneObject (/Users/tsangcuteso1/Documents/GitHub/CKSOA/My project/Final_Mobile/backend/node_modules/mongoose/lib/helpers/clone.js:159:17)
    at clone (/Users/tsangcuteso1/Documents/GitHub/CKSOA/My project/Final_Mobile/backend/node_modules/mongoose/lib/helpers/clone.js:80:16)
    at Document.$toObject (/Users/tsangcuteso1/Documents/GitHub/CKSOA/My project/Final_Mobile/backend/node_modules/mongoose/lib/document.js:3904:11)
    at Document.toObject (/Users/tsangcuteso1/Documents/GitHub/CKSOA/My project/Final_Mobile/backend/node_modules/mongoose/lib/document.js:4137:15)
Get transaction history error: TypeError: Cannot read properties of undefined (reading 'toLocaleString')
    at model.<anonymous> (/Users/tsangcuteso1/Documents/GitHub/CKSOA/My project/Final_Mobile/backend/src/models/Account.js:54:26)
    at VirtualType.applyGetters (/Users/tsangcuteso1/Documents/GitHub/CKSOA/My project/Final_Mobile/backend/node_modules/mongoose/lib/virtualType.js:152:16)
    at applyVirtuals (/Users/tsangcuteso1/Documents/GitHub/CKSOA/My project/Final_Mobile/backend/node_modules/mongoose/lib/document.js:4198:26)
    at Document.$toObject (/Users/tsangcuteso1/Documents/GitHub/CKSOA/My project/Final_Mobile/backend/node_modules/mongoose/lib/document.js:3926:5)
    at Document.toObject (/Users/tsangcuteso1/Documents/GitHub/CKSOA/My project/Final_Mobile/backend/node_modules/mongoose/lib/document.js:4137:15)
    at clone (/Users/tsangcuteso1/Documents/GitHub/CKSOA/My project/Final_Mobile/backend/node_modules/mongoose/lib/helpers/clone.js:69:17)
    at cloneObject (/Users/tsangcuteso1/Documents/GitHub/CKSOA/My project/Final_Mobile/backend/node_modules/mongoose/lib/helpers/clone.js:159:17)
    at clone (/Users/tsangcuteso1/Documents/GitHub/CKSOA/My project/Final_Mobile/backend/node_modules/mongoose/lib/helpers/clone.js:80:16)
    at Document.$toObject (/Users/tsangcuteso1/Documents/GitHub/CKSOA/My project/Final_Mobile/backend/node_modules/mongoose/lib/document.js:3904:11)
    at Document.toObject (/Users/tsangcuteso1/Documents/GitHub/CKSOA/My project/Final_Mobile/backend/node_modules/mongoose/lib/document.js:4137:15)
Get transaction history error: TypeError: Cannot read properties of undefined (reading 'toLocaleString')
    at model.<anonymous> (/Users/tsangcuteso1/Documents/GitHub/CKSOA/My project/Final_Mobile/backend/src/models/Account.js:54:26)
    at VirtualType.applyGetters (/Users/tsangcuteso1/Documents/GitHub/CKSOA/My project/Final_Mobile/backend/node_modules/mongoose/lib/virtualType.js:152:16)
    at applyVirtuals (/Users/tsangcuteso1/Documents/GitHub/CKSOA/My project/Final_Mobile/backend/node_modules/mongoose/lib/document.js:4198:26)
    at Document.$toObject (/Users/tsangcuteso1/Documents/GitHub/CKSOA/My project/Final_Mobile/backend/node_modules/mongoose/lib/document.js:3926:5)
    at Document.toObject (/Users/tsangcuteso1/Documents/GitHub/CKSOA/My project/Final_Mobile/backend/node_modules/mongoose/lib/document.js:4137:15)
    at clone (/Users/tsangcuteso1/Documents/GitHub/CKSOA/My project/Final_Mobile/backend/node_modules/mongoose/lib/helpers/clone.js:69:17)
    at cloneObject (/Users/tsangcuteso1/Documents/GitHub/CKSOA/My project/Final_Mobile/backend/node_modules/mongoose/lib/helpers/clone.js:159:17)
    at clone (/Users/tsangcuteso1/Documents/GitHub/CKSOA/My project/Final_Mobile/backend/node_modules/mongoose/lib/helpers/clone.js:80:16)
    at Document.$toObject (/Users/tsangcuteso1/Documents/GitHub/CKSOA/My project/Final_Mobile/backend/node_modules/mongoose/lib/document.js:3904:11)
    at Document.toObject (/Users/tsangcuteso1/Documents/GitHub/CKSOA/My project/Final_Mobile/backend/node_modules/mongoose/lib/document.js:4137:15)
Get transaction history error: TypeError: Cannot read properties of undefined (reading 'toLocaleString')
    at model.<anonymous> (/Users/tsangcuteso1/Documents/GitHub/CKSOA/My project/Final_Mobile/backend/src/models/Account.js:54:26)
    at VirtualType.applyGetters (/Users/tsangcuteso1/Documents/GitHub/CKSOA/My project/Final_Mobile/backend/node_modules/mongoose/lib/virtualType.js:152:16)
    at applyVirtuals (/Users/tsangcuteso1/Documents/GitHub/CKSOA/My project/Final_Mobile/backend/node_modules/mongoose/lib/document.js:4198:26)
    at Document.$toObject (/Users/tsangcuteso1/Documents/GitHub/CKSOA/My project/Final_Mobile/backend/node_modules/mongoose/lib/document.js:3926:5)
    at Document.toObject (/Users/tsangcuteso1/Documents/GitHub/CKSOA/My project/Final_Mobile/backend/node_modules/mongoose/lib/document.js:4137:15)
    at clone (/Users/tsangcuteso1/Documents/GitHub/CKSOA/My project/Final_Mobile/backend/node_modules/mongoose/lib/helpers/clone.js:69:17)
    at cloneObject (/Users/tsangcuteso1/Documents/GitHub/CKSOA/My project/Final_Mobile/backend/node_modules/mongoose/lib/helpers/clone.js:159:17)
    at clone (/Users/tsangcuteso1/Documents/GitHub/CKSOA/My project/Final_Mobile/backend/node_modules/mongoose/lib/helpers/clone.js:80:16)
    at Document.$toObject (/Users/tsangcuteso1/Documents/GitHub/CKSOA/My project/Final_Mobile/backend/node_modules/mongoose/lib/document.js:3904:11)
    at Document.toObject (/Users/tsangcuteso1/Documents/GitHub/CKSOA/My project/Final_Mobile/backend/node_modules/mongoose/lib/document.js:4137:15)
🔐 LOGIN OTP for user2@example.com: 926080
Get transaction history error: TypeError: Cannot read properties of undefined (reading 'toLocaleString')
    at model.<anonymous> (/Users/tsangcuteso1/Documents/GitHub/CKSOA/My project/Final_Mobile/backend/src/models/Account.js:54:26)
    at VirtualType.applyGetters (/Users/tsangcuteso1/Documents/GitHub/CKSOA/My project/Final_Mobile/backend/node_modules/mongoose/lib/virtualType.js:152:16)
    at applyVirtuals (/Users/tsangcuteso1/Documents/GitHub/CKSOA/My project/Final_Mobile/backend/node_modules/mongoose/lib/document.js:4198:26)
    at Document.$toObject (/Users/tsangcuteso1/Documents/GitHub/CKSOA/My project/Final_Mobile/backend/node_modules/mongoose/lib/document.js:3926:5)
    at Document.toObject (/Users/tsangcuteso1/Documents/GitHub/CKSOA/My project/Final_Mobile/backend/node_modules/mongoose/lib/document.js:4137:15)
    at clone (/Users/tsangcuteso1/Documents/GitHub/CKSOA/My project/Final_Mobile/backend/node_modules/mongoose/lib/helpers/clone.js:69:17)
    at cloneObject (/Users/tsangcuteso1/Documents/GitHub/CKSOA/My project/Final_Mobile/backend/node_modules/mongoose/lib/helpers/clone.js:159:17)
    at clone (/Users/tsangcuteso1/Documents/GitHub/CKSOA/My project/Final_Mobile/backend/node_modules/mongoose/lib/helpers/clone.js:80:16)
    at Document.$toObject (/Users/tsangcuteso1/Documents/GitHub/CKSOA/My project/Final_Mobile/backend/node_modules/mongoose/lib/document.js:3904:11)
    at Document.toObject (/Users/tsangcuteso1/Documents/GitHub/CKSOA/My project/Final_Mobile/backend/node_modules/mongoose/lib/document.js:4137:15)
Get transaction history error: TypeError: Cannot read properties of undefined (reading 'toLocaleString')
    at model.<anonymous> (/Users/tsangcuteso1/Documents/GitHub/CKSOA/My project/Final_Mobile/backend/src/models/Account.js:54:26)
    at VirtualType.applyGetters (/Users/tsangcuteso1/Documents/GitHub/CKSOA/My project/Final_Mobile/backend/node_modules/mongoose/lib/virtualType.js:152:16)
    at applyVirtuals (/Users/tsangcuteso1/Documents/GitHub/CKSOA/My project/Final_Mobile/backend/node_modules/mongoose/lib/document.js:4198:26)
    at Document.$toObject (/Users/tsangcuteso1/Documents/GitHub/CKSOA/My project/Final_Mobile/backend/node_modules/mongoose/lib/document.js:3926:5)
    at Document.toObject (/Users/tsangcuteso1/Documents/GitHub/CKSOA/My project/Final_Mobile/backend/node_modules/mongoose/lib/document.js:4137:15)
    at clone (/Users/tsangcuteso1/Documents/GitHub/CKSOA/My project/Final_Mobile/backend/node_modules/mongoose/lib/helpers/clone.js:69:17)
    at cloneObject (/Users/tsangcuteso1/Documents/GitHub/CKSOA/My project/Final_Mobile/backend/node_modules/mongoose/lib/helpers/clone.js:159:17)
    at clone (/Users/tsangcuteso1/Documents/GitHub/CKSOA/My project/Final_Mobile/backend/node_modules/mongoose/lib/helpers/clone.js:80:16)
    at Document.$toObject (/Users/tsangcuteso1/Documents/GitHub/CKSOA/My project/Final_Mobile/backend/node_modules/mongoose/lib/document.js:3904:11)
    at Document.toObject (/Users/tsangcuteso1/Documents/GitHub/CKSOA/My project/Final_Mobile/backend/node_modules/mongoose/lib/document.js:4137:15)
🔐 TRANSACTION OTP for user2@example.com: 208346
Get transaction history error: TypeError: Cannot read properties of undefined (reading 'toLocaleString')
    at model.<anonymous> (/Users/tsangcuteso1/Documents/GitHub/CKSOA/My project/Final_Mobile/backend/src/models/Account.js:54:26)
    at VirtualType.applyGetters (/Users/tsangcuteso1/Documents/GitHub/CKSOA/My project/Final_Mobile/backend/node_modules/mongoose/lib/virtualType.js:152:16)
    at applyVirtuals (/Users/tsangcuteso1/Documents/GitHub/CKSOA/My project/Final_Mobile/backend/node_modules/mongoose/lib/document.js:4198:26)
    at Document.$toObject (/Users/tsangcuteso1/Documents/GitHub/CKSOA/My project/Final_Mobile/backend/node_modules/mongoose/lib/document.js:3926:5)
    at Document.toObject (/Users/tsangcuteso1/Documents/GitHub/CKSOA/My project/Final_Mobile/backend/node_modules/mongoose/lib/document.js:4137:15)
    at clone (/Users/tsangcuteso1/Documents/GitHub/CKSOA/My project/Final_Mobile/backend/node_modules/mongoose/lib/helpers/clone.js:69:17)
    at cloneObject (/Users/tsangcuteso1/Documents/GitHub/CKSOA/My project/Final_Mobile/backend/node_modules/mongoose/lib/helpers/clone.js:159:17)
    at clone (/Users/tsangcuteso1/Documents/GitHub/CKSOA/My project/Final_Mobile/backend/node_modules/mongoose/lib/helpers/clone.js:80:16)
    at Document.$toObject (/Users/tsangcuteso1/Documents/GitHub/CKSOA/My project/Final_Mobile/backend/node_modules/mongoose/lib/document.js:3904:11)
    at Document.toObject (/Users/tsangcuteso1/Documents/GitHub/CKSOA/My project/Final_Mobile/backend/node_modules/mongoose/lib/document.js:4137:15)
🔐 LOGIN OTP for admin@bank.com: 055581
🔐 LOGIN OTP for admin@bank.com: 811396
🔐 LOGIN OTP for admin@bank.com: 538912
🔐 LOGIN OTP for admin@bank.com: 290324
🔐 LOGIN OTP for admin@bank.com: 381329
🔐 LOGIN OTP for admin@bank.com: 531892
🔐 LOGIN OTP for admin@bank.com: 194353
